2023-05-18 22:41:43 (main.py) DEBUG: User has good screen dimensions
2023-05-18 22:41:43 (config.py) INFO: Attempting to save memory by deleting last months checkup results
2023-05-18 22:41:43 (config.py) INFO: Last months checkup was not found. AKA file path json/logs/18_04_23.json was not found.
2023-05-18 22:41:43 (main.py) DEBUG: Reached Home Screen
2023-05-18 22:41:44 (config.py) DEBUG: Settings Clicked
2023-05-18 22:41:45 (config.py) DEBUG: Swapped appearance mode to Light
2023-05-18 22:41:46 (config.py) DEBUG: Swapped appearance mode to Dark
2023-05-18 22:41:49 (config.py) DEBUG: Swapped appearance mode to Light
2023-05-18 22:41:49 (config.py) DEBUG: Swapped appearance mode to Dark
2023-05-18 22:41:50 (config.py) DEBUG: Swapped appearance mode to Light
2023-05-18 22:41:50 (config.py) DEBUG: Swapped appearance mode to Dark
2023-05-18 22:41:50 (config.py) DEBUG: Swapped appearance mode to Light
2023-05-18 22:41:50 (config.py) DEBUG: Swapped appearance mode to Dark
2023-05-18 22:41:50 (config.py) DEBUG: Swapped appearance mode to Light
2023-05-18 22:41:50 (config.py) DEBUG: Swapped appearance mode to Dark
2023-05-18 22:41:51 (config.py) DEBUG: Swapped appearance mode to Light
2023-05-18 22:41:51 (config.py) DEBUG: Swapped appearance mode to Dark
2023-05-18 22:41:52 (config.py) DEBUG: Swapped appearance mode to Light
2023-05-18 22:41:52 (config.py) DEBUG: Swapped appearance mode to Dark
2023-05-18 22:41:52 (config.py) DEBUG: Swapped appearance mode to Light
2023-05-18 22:41:52 (config.py) DEBUG: Swapped appearance mode to Dark
2023-05-18 22:41:52 (config.py) DEBUG: Swapped appearance mode to Light
2023-05-18 22:41:52 (config.py) DEBUG: Swapped appearance mode to Dark
2023-05-18 22:41:53 (config.py) DEBUG: Swapped appearance mode to Light
2023-05-18 22:41:54 (config.py) DEBUG: Swapped appearance mode to Dark
2023-05-18 22:41:54 (config.py) DEBUG: Swapped appearance mode to Light
2023-05-18 22:41:55 (config.py) DEBUG: Swapped appearance mode to Dark
2023-05-18 22:41:56 (config.py) DEBUG: Swapped appearance mode to Light
2023-05-18 22:41:56 (config.py) DEBUG: Swapped appearance mode to Dark
2023-05-18 22:41:57 (config.py) DEBUG: Swapped appearance mode to Light
2023-05-18 22:41:57 (config.py) DEBUG: Swapped appearance mode to Dark
2023-05-18 22:41:57 (config.py) DEBUG: Swapped appearance mode to Light
2023-05-18 22:41:57 (config.py) DEBUG: Swapped appearance mode to Dark
2023-05-18 22:41:58 (config.py) DEBUG: Swapped appearance mode to Light
2023-05-18 22:41:58 (config.py) DEBUG: Swapped appearance mode to Dark
2023-05-18 22:41:59 (config.py) DEBUG: Swapped appearance mode to Light
2023-05-18 22:41:59 (config.py) DEBUG: Swapped appearance mode to Dark
2023-05-18 22:41:59 (config.py) DEBUG: Swapped appearance mode to Light
2023-05-18 22:42:00 (config.py) DEBUG: Swapped appearance mode to Dark
2023-05-18 22:42:00 (config.py) DEBUG: Swapped appearance mode to Light
2023-05-18 22:42:00 (config.py) DEBUG: Swapped appearance mode to Dark
2023-05-18 22:42:00 (config.py) DEBUG: Swapped appearance mode to Light
2023-05-18 22:42:00 (config.py) DEBUG: Swapped appearance mode to Dark
2023-05-18 22:42:01 (config.py) DEBUG: Swapped appearance mode to Light
2023-05-18 22:42:01 (config.py) DEBUG: Swapped appearance mode to Dark
2023-05-18 22:42:01 (config.py) DEBUG: Swapped appearance mode to Light
2023-05-18 22:42:02 (config.py) DEBUG: Swapped appearance mode to Dark
2023-05-18 22:42:09 (main.py) INFO: User clicked X button
2023-05-18 22:42:12 (main.py) DEBUG: Exited program
